Chronologic VCS simulator copyright 1991-2017
Contains Synopsys proprietary information.
Compiler version N-2017.12-SP2-1_Full64; Runtime version N-2017.12-SP2-1_Full64;  Apr  2 15:10 2019
VCD+ Writer N-2017.12-SP2-1_Full64 Copyright (c) 1991-2017 by Synopsys Inc.
@@
@@
@@                     0  Asserting System reset......
@@
@@                     0 : System STILL at reset, can't show anything
@@
@@
@@                   100 : System STILL at reset, can't show anything
@@
@@
@@                   200 : System STILL at reset, can't show anything
@@
@@
@@                   300 : System STILL at reset, can't show anything
@@
@@                   360  Deasserting System reset......
@@
@@
@@@ Unified Memory contents hex on left, decimal on right: 
@@@
@@@ mem[    0] = 00001fb700100413 : 34870840525843
@@@ mem[    8] = 01000def00e00893 : 72072914200955027
@@@ mem[   16] = 0011202340000113 : 4820410373767443
@@@ mem[   24] = 0408806310500073 : 290623338929193075
@@@ mem[   32] = fe0f8f9302888e63 : 18307008871849823843
@@@ mem[   40] = 011fa02301bfac23 : 80959390529596451
@@@ mem[   48] = fe9ffdeffff88893 : 18347662614164179091
@@@ mem[   56] = 000fa883001fa423 : 4407405246915619
@@@ mem[   64] = fd9ffdefffe88893 : 18275605020125202579
@@@ mem[   72] = 001100b3008fa103 : 4785843412640003
@@@ mem[   80] = 020f8f93018fad83 : 148495174275673475
@@@ mem[   88] = 00100093000d8067 : 4504230988447847
@@@ mem[   96] = 00000000000d8067 : 884839
@@@
@@@ mem[ 1024] = 0000000000000262 : 610
@@@
@@@ mem[ 3680] = 0000000000000002 : 2
@@@ mem[ 3688] = 0000000000000001 : 1
@@@
@@@ mem[ 3704] = 0000000000000038 : 56
@@@ mem[ 3712] = 0000000000000002 : 2
@@@ mem[ 3720] = 0000000000000001 : 1
@@@
@@@ mem[ 3736] = 0000000000000038 : 56
@@@ mem[ 3744] = 0000000000000002 : 2
@@@ mem[ 3752] = 0000000000000001 : 1
@@@
@@@ mem[ 3768] = 0000000000000038 : 56
@@@ mem[ 3776] = 0000000000000002 : 2
@@@ mem[ 3784] = 0000000000000001 : 1
@@@
@@@ mem[ 3800] = 0000000000000038 : 56
@@@ mem[ 3808] = 0000000000000002 : 2
@@@ mem[ 3816] = 0000000000000001 : 1
@@@
@@@ mem[ 3832] = 0000000000000038 : 56
@@@ mem[ 3840] = 0000000000000002 : 2
@@@ mem[ 3848] = 0000000000000001 : 1
@@@
@@@ mem[ 3864] = 0000000000000038 : 56
@@@ mem[ 3872] = 0000000000000002 : 2
@@@ mem[ 3880] = 0000000000000001 : 1
@@@
@@@ mem[ 3896] = 0000000000000048 : 72
@@@ mem[ 3904] = 0000000000000004 : 4
@@@ mem[ 3912] = 0000000000000003 : 3
@@@
@@@ mem[ 3928] = 0000000000000048 : 72
@@@ mem[ 3936] = 0000000000000006 : 6
@@@ mem[ 3944] = 0000000000000008 : 8
@@@
@@@ mem[ 3960] = 0000000000000048 : 72
@@@ mem[ 3968] = 0000000000000008 : 8
@@@ mem[ 3976] = 0000000000000015 : 21
@@@
@@@ mem[ 3992] = 0000000000000048 : 72
@@@ mem[ 4000] = 000000000000000a : 10
@@@ mem[ 4008] = 0000000000000037 : 55
@@@
@@@ mem[ 4024] = 0000000000000048 : 72
@@@ mem[ 4032] = 000000000000000c : 12
@@@ mem[ 4040] = 0000000000000090 : 144
@@@
@@@ mem[ 4056] = 0000000000000048 : 72
@@@ mem[ 4064] = 000000000000000e : 14
@@@ mem[ 4072] = 0000000000000179 : 377
@@@
@@@ mem[ 4088] = 0000000000000010 : 16
@@@
@@@
@@               2476320 : System halted
@@
@@@ System halted on WFI instruction
@@@
@@
@@  24760 cycles / 11957 instrs = 2.070754 CPI
@@
@@  247590.00 ns total time to execute
@@

$finish called from file "testbench/testbench.sv", line 266.
$finish at simulation time              2477320
           V C S   S i m u l a t i o n   R e p o r t 
Time: 247732000 ps
CPU Time:      0.610 seconds;       Data structure size:   0.1Mb
Tue Apr  2 15:10:18 2019
